<?xml version="1.0" encoding="UTF-8"?>
<!-- Generated by org.testng.reporters.JUnitReportReporter -->
<testsuite hostname="DESKTOP-1RHU1NU" failures="0" tests="1" name="screenshot.GetscreenshottooltipTest" time="3.611" errors="0" timestamp="2021-09-17T10:43:15 IST" skipped="0">
  <testcase classname="screenshot.GetscreenshottooltipTest" name="screenshotTest" time="3.611"/>
  <system-out/>
</testsuite> <!-- screenshot.GetscreenshottooltipTest -->
