<?xml version="1.0" encoding="UTF-8"?>
<!-- Generated by org.testng.reporters.JUnitReportReporter -->
<testsuite hostname="DESKTOP-1RHU1NU" failures="0" tests="1" name="practice.SampleTest" time="6.096" errors="0" timestamp="2021-09-09T14:28:40 IST" skipped="0">
  <testcase classname="practice.SampleTest" name="Sample" time="6.096"/>
  <system-out/>
</testsuite> <!-- practice.SampleTest -->
