<?xml version="1.0" encoding="UTF-8"?>
<!-- Generated by org.testng.reporters.JUnitReportReporter -->
<testsuite hostname="DESKTOP-1RHU1NU" failures="0" tests="1" name="purchaseorderTest.Tc04_EnteringPrchseOrderpageTest" time="8.075" errors="0" timestamp="2021-09-17T19:46:04 IST" skipped="0">
  <testcase classname="purchaseorderTest.Tc04_EnteringPrchseOrderpageTest" name="enteringprchseorderpageTest" time="8.075"/>
  <system-out/>
</testsuite> <!-- purchaseorderTest.Tc04_EnteringPrchseOrderpageTest -->
