<?xml version="1.0" encoding="UTF-8"?>
<!-- Generated by org.testng.reporters.JUnitReportReporter -->
<testsuite hostname="DESKTOP-1RHU1NU" failures="0" tests="1" name="purchaseorderTest.Tc05_SignoutTest" time="7.875" errors="0" timestamp="2021-09-17T20:01:08 IST" skipped="0">
  <testcase classname="purchaseorderTest.Tc05_SignoutTest" name="SignoutTest" time="7.875"/>
  <system-out/>
</testsuite> <!-- purchaseorderTest.Tc05_SignoutTest -->
