<?xml version="1.0" encoding="UTF-8"?>
<!-- Generated by org.testng.reporters.JUnitReportReporter -->
<testsuite hostname="DESKTOP-1RHU1NU" failures="0" tests="1" name="purchaseorderTest.Tc04_EnteringMandatoryDetailsTest" time="33.680" errors="0" timestamp="2021-09-17T19:51:10 IST" skipped="0">
  <testcase classname="purchaseorderTest.Tc04_EnteringMandatoryDetailsTest" name="EnteringDetailsTest" time="33.680"/>
  <system-out/>
</testsuite> <!-- purchaseorderTest.Tc04_EnteringMandatoryDetailsTest -->
