<?xml version="1.0" encoding="UTF-8"?>
<!-- Generated by org.testng.reporters.JUnitReportReporter -->
<testsuite hostname="DESKTOP-1RHU1NU" failures="0" tests="1" name="purchaseorderTest.Tc01_loginTest" time="3.217" errors="0" timestamp="2021-09-17T19:48:28 IST" skipped="0">
  <testcase classname="purchaseorderTest.Tc01_loginTest" name="loginTest" time="3.217"/>
  <system-out/>
</testsuite> <!-- purchaseorderTest.Tc01_loginTest -->
