<?xml version="1.0" encoding="UTF-8"?>
<!-- Generated by org.testng.reporters.JUnitReportReporter -->
<testsuite hostname="DESKTOP-1RHU1NU" failures="0" tests="1" name="data_provider.Data_provider01" time="0.000" errors="0" timestamp="2021-09-17T16:44:11 IST" skipped="1">
  <testcase classname="data_provider.Data_provider01" name="Dataprovider" time="0.000">
    <skipped/>
  </testcase> <!-- Dataprovider -->
  <system-out/>
</testsuite> <!-- data_provider.Data_provider01 -->
