<?xml version="1.0" encoding="UTF-8"?>
<!-- Generated by org.testng.reporters.JUnitReportReporter -->
<testsuite hostname="DESKTOP-1RHU1NU" failures="0" tests="1" name="purchaseorderTest.Tc02_AddingNewPrchseOrderTest" time="14.637" errors="0" timestamp="2021-09-17T19:46:41 IST" skipped="0">
  <testcase classname="purchaseorderTest.Tc02_AddingNewPrchseOrderTest" name="addingPrchseOrderTest" time="14.637"/>
  <system-out/>
</testsuite> <!-- purchaseorderTest.Tc02_AddingNewPrchseOrderTest -->
