<?xml version="1.0" encoding="UTF-8"?>
<!-- Generated by org.testng.reporters.JUnitReportReporter -->
<testsuite hostname="DESKTOP-1RHU1NU" failures="0" tests="1" name="createcontactwithOrganization.CreatecontactTest" time="30.669" errors="0" timestamp="2021-09-09T10:40:32 IST" skipped="0">
  <testcase classname="createcontactwithOrganization.CreatecontactTest" name="createcontactinorg" time="30.669"/>
  <system-out/>
</testsuite> <!-- createcontactwithOrganization.CreatecontactTest -->
