<?xml version="1.0" encoding="UTF-8"?>
<!-- Generated by org.testng.reporters.JUnitReportReporter -->
<testsuite hostname="DESKTOP-1RHU1NU" failures="0" tests="1" name="practice.TooltipScreenshotTest" time="4.451" errors="0" timestamp="2021-09-17T11:40:34 IST" skipped="0">
  <testcase classname="practice.TooltipScreenshotTest" name="ToolTest" time="4.451"/>
  <system-out/>
</testsuite> <!-- practice.TooltipScreenshotTest -->
