<?xml version="1.0" encoding="UTF-8"?>
<!-- Generated by org.testng.reporters.JUnitReportReporter -->
<testsuite hostname="DESKTOP-1RHU1NU" failures="0" tests="1" name="purchaseorderTest.Tc03_AddingNewPrchseOrderTest" time="15.904" errors="0" timestamp="2021-09-17T19:50:16 IST" skipped="0">
  <testcase classname="purchaseorderTest.Tc03_AddingNewPrchseOrderTest" name="addingPrchseOrderTest" time="15.904"/>
  <system-out/>
</testsuite> <!-- purchaseorderTest.Tc03_AddingNewPrchseOrderTest -->
