<?xml version="1.0" encoding="UTF-8"?>
<!-- Generated by org.testng.reporters.JUnitReportReporter -->
<testsuite hostname="DESKTOP-1RHU1NU" failures="0" tests="1" name="purchaseorderTest.Tc01_enteringprchseorderpageTest" time="11.158" errors="0" timestamp="2021-09-16T17:00:38 IST" skipped="0">
  <testcase classname="purchaseorderTest.Tc01_enteringprchseorderpageTest" name="enteringprchseorderpageTest" time="11.158"/>
  <system-out/>
</testsuite> <!-- purchaseorderTest.Tc01_enteringprchseorderpageTest -->
