<?xml version="1.0" encoding="UTF-8"?>
<!-- Generated by org.testng.reporters.JUnitReportReporter -->
<testsuite hostname="DESKTOP-1RHU1NU" failures="0" tests="1" name="createorgeducation.CreateorgEduTest" time="37.295" errors="0" timestamp="2021-09-09T12:23:53 IST" skipped="0">
  <testcase classname="createorgeducation.CreateorgEduTest" name="CreateEdu" time="37.295"/>
  <system-out/>
</testsuite> <!-- createorgeducation.CreateorgEduTest -->
