<?xml version="1.0" encoding="UTF-8"?>
<!-- Generated by org.testng.reporters.JUnitReportReporter -->
<testsuite hostname="DESKTOP-1RHU1NU" failures="0" tests="1" name="purchaseorderTest.Tc02_EnteringPrchseOrderpageTest" time="8.343" errors="0" timestamp="2021-09-17T19:49:35 IST" skipped="0">
  <testcase classname="purchaseorderTest.Tc02_EnteringPrchseOrderpageTest" name="enteringprchseorderpageTest" time="8.343"/>
  <system-out/>
</testsuite> <!-- purchaseorderTest.Tc02_EnteringPrchseOrderpageTest -->
