<?xml version="1.0" encoding="UTF-8"?>
<!-- Generated by org.testng.reporters.JUnitReportReporter -->
<testsuite hostname="DESKTOP-1RHU1NU" failures="0" tests="1" name="purchaseorderTest.Tc03_EnteringDetailsTest" time="21.795" errors="0" timestamp="2021-09-16T22:53:46 IST" skipped="0">
  <testcase classname="purchaseorderTest.Tc03_EnteringDetailsTest" name="EnteringDetailsTest" time="21.795"/>
  <system-out/>
</testsuite> <!-- purchaseorderTest.Tc03_EnteringDetailsTest -->
